#
# A fatal error has been detected by the Java Runtime Environment:
#
#  SIGSEGV (0xb) at pc=0x000000013426d710, pid=6415, tid=259
#
# JRE version: OpenJDK Runtime Environment Temurin-17.0.12+7 (17.0.12+7) (build 17.0.12+7)
# Java VM: OpenJDK 64-Bit Server VM Temurin-17.0.12+7 (17.0.12+7, mixed mode, tiered, compressed oops, compressed class ptrs, g1 gc, bsd-aarch64)
# Problematic frame:
# C  [libhalsim_gui.dylib+0x1d710]  std::__1::__function::__func<halsimgui::NetworkTablesSimGui::Initialize()::$_1, std::__1::allocator<halsimgui::NetworkTablesSimGui::Initialize()::$_1>, void ()>::operator()()+0x8
#
# No core dump will be written. Core dumps have been disabled. To enable core dumping, try "ulimit -c unlimited" before starting Java again
#
# If you would like to submit a bug report, please visit:
#   https://github.com/adoptium/adoptium-support/issues
# The crash happened outside the Java Virtual Machine in native code.
# See problematic frame for where to report the bug.
#

---------------  S U M M A R Y ------------

Command Line: -agentlib:jdwp=transport=dt_socket,server=n,suspend=y,address=localhost:55685 -Djava.library.path=/Users/keremerol/Documents/GitHub/Frc-Eagles-2025/build/jni/release -XX:+ShowCodeDetailsInExceptionMessages frc.robot.Main

Host: "Mac14,9" arm64, 10 cores, 16G, Darwin 24.2.0, macOS 15.2 (24C5057p)
Time: Mon Feb 17 11:49:01 2025 GMT elapsed time: 43.675843 seconds (0d 0h 0m 43s)

---------------  T H R E A D  ---------------

Current thread (0x000000013681b600):  JavaThread "main" [_thread_in_native, id=259, stack(0x000000016b33c000,0x000000016bb38000)]

Stack: [0x000000016b33c000,0x000000016bb38000],  sp=0x000000016bb349d0,  free space=8162k
Native frames: (J=compiled Java code, j=interpreted, Vv=VM code, C=native code)
C  [libhalsim_gui.dylib+0x1d710]  std::__1::__function::__func<halsimgui::NetworkTablesSimGui::Initialize()::$_1, std::__1::allocator<halsimgui::NetworkTablesSimGui::Initialize()::$_1>, void ()>::operator()()+0x8
C  [libhalsim_gui.dylib+0xb273c]  wpi::gui::PlatformRenderFrame()+0x254
C  [libhalsim_gui.dylib+0x9f2f4]  wpi::gui::Main()+0x180
C  [libhalsim_gui.dylib+0x1c768]  HALSIM_InitExtension::$_8::__invoke(void*)+0xc
j  edu.wpi.first.hal.HAL.runMain()V+0
j  edu.wpi.first.wpilibj.RobotBase.startRobot(Ljava/util/function/Supplier;)V+85
j  frc.robot.Main.main([Ljava/lang/String;)V+5
v  ~StubRoutines::call_stub
V  [libjvm.dylib+0x45e0f4]  JavaCalls::call_helper(JavaValue*, methodHandle const&, JavaCallArguments*, JavaThread*)+0x3d8
V  [libjvm.dylib+0x4c5b28]  jni_invoke_static(JNIEnv_*, JavaValue*, _jobject*, JNICallType, _jmethodID*, JNI_ArgumentPusher*, JavaThread*)+0x158
V  [libjvm.dylib+0x4c92ac]  jni_CallStaticVoidMethod+0x130
C  [libjli.dylib+0xad24]  JavaMain+0x63c
C  [libjli.dylib+0xdb10]  __JVMInit_block_invoke+0x48
C  [Foundation+0x3f5d0]  __NSBLOCKOPERATION_IS_CALLING_OUT_TO_A_BLOCK__+0x18
C  [Foundation+0x3f490]  -[NSBlockOperation main]+0x68
C  [Foundation+0x3f420]  __NSOPERATION_IS_INVOKING_MAIN__+0x10
C  [Foundation+0x3e780]  -[NSOperation start]+0x288
C  [Foundation+0x793a0]  __NSThreadPerformPerform+0x108
C  [CoreFoundation+0x7dd34]  __CFRUNLOOP_IS_CALLING_OUT_TO_A_SOURCE0_PERFORM_FUNCTION__+0x1c
C  [CoreFoundation+0x7dcc8]  __CFRunLoopDoSource0+0xb0
C  [CoreFoundation+0x7da2c]  __CFRunLoopDoSources0+0xf4
C  [CoreFoundation+0x7c5c8]  __CFRunLoopRun+0x348
C  [CoreFoundation+0x7bbc4]  CFRunLoopRunSpecific+0x24c
C  [libjli.dylib+0xd1bc]  CreateExecutionEnvironment+0x194
C  [libjli.dylib+0x9224]  JLI_Launch+0x4d0
C  [java+0x3ba0]  main+0x198
C  [dyld+0x6274]  start+0xb18

Java frames: (J=compiled Java code, j=interpreted, Vv=VM code)
j  edu.wpi.first.hal.HAL.runMain()V+0
j  edu.wpi.first.wpilibj.RobotBase.startRobot(Ljava/util/function/Supplier;)V+85
j  frc.robot.Main.main([Ljava/lang/String;)V+5
v  ~StubRoutines::call_stub

siginfo: si_signo: 11 (SIGSEGV), si_code: 2 (SEGV_ACCERR), si_addr: 0x0000000000000000

Registers:
 x0=0x0000000000000000  x1=0x00000001341d6580  x2=0x0000000000000051  x3=0x00000001341b4eb8
 x4=0x0000000001e6cdb8  x5=0x0000000000000020  x6=0x0000000134f409dc  x7=0x0000000000000000
 x8=0x0000000134f7e000  x9=0x0000000137065900 x10=0x0000000000000080 x11=0x0000000000000000
x12=0x000000012587aac0 x13=0x0000000000000000 x14=0x4434000044a00000 x15=0x0000000042e00000
x16=0x000000020224f280 x17=0x000000020224f280 x18=0x0000000000000000 x19=0x0000000134f87000
x20=0x0000000000000003 x21=0x0000000000000078 x22=0x000000013580a0e0 x23=0x0000000137350410
x24=0x00000001370a2c60 x25=0x00000001370a2c60 x26=0x0000000134f87110 x27=0x0000000134f81000
x28=0x000000013681b600  fp=0x000000016bb349f0  lr=0x00000001342ef408  sp=0x000000016bb349d0
pc=0x000000013426d710 cpsr=0x0000000080001000

Register to memory mapping:

 x0=0x0 is NULL
 x1=0x00000001341d6580: _ZZN3hal4init27InitializeDriverStationDataEvE3dsd+0x118 in /Users/keremerol/Documents/GitHub/Frc-Eagles-2025/build/jni/release/libwpiHal.dylib at 0x000000013416c000
 x2=0x0000000000000051 is an unknown value
 x3=0x00000001341b4eb8: <offset 0x48eb8> in /Users/keremerol/Documents/GitHub/Frc-Eagles-2025/build/jni/release/libwpiHal.dylib at 0x000000013416c000
 x4=0x0000000001e6cdb8 is an unknown value
 x5=0x0000000000000020 is an unknown value
 x6=0x0000000134f409dc: <offset 0xcf09dc> in /Users/keremerol/Documents/GitHub/Frc-Eagles-2025/build/jni/release/libhalsim_gui.dylib at 0x0000000134250000
 x7=0x0 is NULL
 x8=0x0000000134f7e000: <offset 0xd2e000> in /Users/keremerol/Documents/GitHub/Frc-Eagles-2025/build/jni/release/libhalsim_gui.dylib at 0x0000000134250000
 x9=0x0000000137065900 points into unknown readable memory: 0x0000000134f71a10 | 10 1a f7 34 01 00 00 00
x10=0x0000000000000080 is an unknown value
x11=0x0 is NULL
x12=0x000000012587aac0 points into unknown readable memory: 0x00000000daade986 | 86 e9 ad da 00 00 00 00
x13=0x0 is NULL
x14=0x4434000044a00000 is an unknown value
x15=0x0000000042e00000 is an unknown value
x16=0x000000020224f280 points into unknown readable memory: 0x7fb259db75eaa506 | 06 a5 ea 75 db 59 b2 7f
x17=0x000000020224f280 points into unknown readable memory: 0x7fb259db75eaa506 | 06 a5 ea 75 db 59 b2 7f
x18=0x0 is NULL
x19=0x0000000134f87000: _ZZN11ImFontAtlas22GetGlyphRangesJapaneseEvE11full_ranges+0x2e96 in /Users/keremerol/Documents/GitHub/Frc-Eagles-2025/build/jni/release/libhalsim_gui.dylib at 0x0000000134250000
x20=0x0000000000000003 is an unknown value
x21=0x0000000000000078 is an unknown value
x22=0x000000013580a0e0 points into unknown readable memory: 0x0000000000000000 | 00 00 00 00 00 00 00