#
# A fatal error has been detected by the Java Runtime Environment:
#
#  SIGSEGV (0xb) at pc=0x000000016801d710, pid=29264, tid=259
#
# JRE version: OpenJDK Runtime Environment Temurin-17.0.12+7 (17.0.12+7) (build 17.0.12+7)
# Java VM: OpenJDK 64-Bit Server VM Temurin-17.0.12+7 (17.0.12+7, mixed mode, tiered, compressed oops, compressed class ptrs, g1 gc, bsd-aarch64)
# Problematic frame:
# C  [libhalsim_gui.dylib+0x1d710]  std::__1::__function::__func<halsimgui::NetworkTablesSimGui::Initialize()::$_1, std::__1::allocator<halsimgui::NetworkTablesSimGui::Initialize()::$_1>, void ()>::operator()()+0x8
#
# No core dump will be written. Core dumps have been disabled. To enable core dumping, try "ulimit -c unlimited" before starting Java again
#
# If you would like to submit a bug report, please visit:
#   https://github.com/adoptium/adoptium-support/issues
# The crash happened outside the Java Virtual Machine in native code.
# See problematic frame for where to report the bug.
#

---------------  S U M M A R Y ------------

Command Line: -agentlib:jdwp=transport=dt_socket,server=n,suspend=y,address=localhost:55499 -Djava.library.path=/Users/kerol/Documents/GitHub/Frc-Eagles-2025/build/jni/release -XX:+ShowCodeDetailsInExceptionMessages frc.robot.Main

Host: "Mac14,9" arm64, 10 cores, 16G, Darwin 24.2.0, macOS 15.2 (24C5057p)
Time: Thu Jan  9 19:51:19 2025 +03 elapsed time: 39.275511 seconds (0d 0h 0m 39s)

---------------  T H R E A D  ---------------

Current thread (0x0000000137819c00):  JavaThread "main" [_thread_in_native, id=259, stack(0x000000016e7f0000,0x000000016efec000)]

Stack: [0x000000016e7f0000,0x000000016efec000],  sp=0x000000016efe8610,  free space=8161k
Native frames: (J=compiled Java code, j=interpreted, Vv=VM code, C=native code)
C