#
# A fatal error has been detected by the Java Runtime Environment:
#
#  SIGSEGV (0xb) at pc=0x0000000175a77ac0, pid=15845, tid=52739
#
# JRE version: OpenJDK Runtime Environment Temurin-17.0.12+7 (17.0.12+7) (build 17.0.12+7)
# Java VM: OpenJDK 64-Bit Server VM Temurin-17.0.12+7 (17.0.12+7, mixed mode, tiered, compressed oops, compressed class ptrs, g1 gc, bsd-aarch64)
# Problematic frame:
# C  [libCTRE_SimProTalonFX.dylib+0x7ac0]
#
# No core dump will be written. Core dumps have been disabled. To enable core dumping, try "ulimit -c unlimited" before starting Java again
#
# If you would like to submit a bug report, please visit:
#   https://github.com/adoptium/adoptium-support/issues
# The crash happened outside the Java Virtual Machine in native code.
# See problematic frame for where to report the bug.
#

---------------  S U M M A R Y ------------

Command Line: -agentlib:jdwp=transport=dt_socket,server=n,suspend=y,address=localhost:54715 -Djava.library.path=/Users/kerol/Documents/GitHub/Frc-Eagles-2025/build/jni/release -XX:+ShowCodeDetailsInExceptionMessages frc.robot.Main

Host: "Mac14,9" arm64, 10 cores, 16G, Darwin 24.2.0, macOS 15.2 (24C5057p)
Time: Thu Jan  9 11:31:28 2025 +03 elapsed time: 59.402314 seconds (0d 0h 0m 59s)

---------------  T H R E A D  ---------------

Current thread (0x00000001348d7600):  JavaThread "robot main" daemon [_thread_in_native, id=52739, stack(0x0000000171804000,0x0000000171a07000)]

Stack: [0x0000000171804000,0x0000000171a07000],  sp=0x0000000171a05b70,  free space=2054k
Native frames: (J=compiled Java code, j=interpreted, Vv=VM code, C=native code)
C  [libCTRE_SimProTalonFX.dylib+0x7ac0]
C  [libCTRE_SimProTalonFX.dylib+0x7064]
C  [libCTRE_PhoenixTools_Sim.dylib+0x212e3c]
C  [libCTRE_PhoenixTools_Sim.dylib+0x1ebcc4]
J 1618  com.ctre.phoenix6.jni.PlatformJNI.JNI_SimSetPhysicsInput(IILjava/lang/String;D)I (0 bytes) @ 0x00000001196510d0 [0x0000000119651040+0x0000000000000090]
C  0x00000007087db1f0

Java frames: (J=compiled Java code, j=interpreted, Vv=VM code)
J 1618  com.ctre.phoenix6.jni.PlatformJNI.JNI_SimSetPhysicsInput(IILjava/lang/String;D)I (0 bytes) @ 0x00000001196510d0 [0x0000000119651040+0x0000000000000090]
J 2282 c2 com.ctre.phoenix6.hardware.TalonFX$$Lambda$19+0x00000008000b3810.callback(Ljava/lang/String;IILedu/wpi/first/hal/HALValue;)V (13 bytes) @ 0x00000001196c2edc [0x00000001196c2c40+0x000000000000029c]
J 1998 c2 edu.wpi.first.hal.simulation.SimValueCallback.callbackNative(Ljava/lang/String;IIIJD)V (19 bytes) @ 0x0000000119672dbc [0x0000000119672cc0+0x00000000000000fc]
v  ~StubRoutines::call_stub
J 1547  edu.wpi.first.hal.SimDeviceJNI.setSimValueNative(IIJD)V (0 bytes) @ 0x000000011964cfc4 [0x000000011964cf40+0x0000000000000084]
J 2298 c2 com.ctre.phoenix6.hardware.TalonFX.onPeriodic()V (458 bytes) @ 0x00000001196df86c [0x00000001196df7c0+0x00000000000000ac]
J 2342 c2 edu.wpi.first.hal.HAL.simPeriodicBefore()V (57 bytes) @ 0x000000011970d314 [0x000000011970d240+0x00000000000000d4]
J 2139 c1 edu.wpi.first.wpilibj.IterativeRobotBase.loopFunc()V (552 bytes) @ 0x0000000111efa1e0 [0x0000000111ef7800+0x00000000000029e0]
J 2138 c1 edu.wpi.first.wpilibj.TimedRobot$$Lambda$10+0x0000000800095cd8.run()V (8 bytes) @ 0x0000000111ef6974 [0x0000000111ef6840+0x0000000000000134]
j  edu.wpi.first.wpilibj.TimedRobot.startCompetition()V+75
j  edu.wpi.first.wpilibj.RobotBase.runRobot(Ljava/util/function/Supplier;)V+259
j  edu.wpi.first.wpilibj.RobotBase.lambda$startRobot$1(Ljava/util/function/Supplier;)V+1
j  edu.wpi.first.wpilibj.RobotBase$$Lambda$2+0x0000000800089b58.run()V+4
j  java.lang.Thread.run()V+11 java.base@17.0.12
v  ~StubRoutines::call_stub

siginfo: si_signo: 11 (SIGSEGV), si_code: 2 (SEGV_ACCERR), si_addr: 0x00000000000000b0

Registers:
 x0=0x66d6c8da78ddc2e1  x1=0x0000000102fb2ba9  x2=0x000000000000000e  x3=0x0000000000000008
 x4=0x0000000000000027  x5=0x0000000177c740b4  x6=0x5d315b2936762820  x7=0x00000001348d7600
 x8=0x0000000000000004  x9=0x0000000000000000 x10=0x5a1d959d85d15f5a x11=0x9ddfea08eb382d69
x12=0x0000000000000001 x13=0x0000000000000000 x14=0x00000000ffffffff x15=0x00000007087db130
x16=0x000000019b79a840 x17=0x00000002092431c0 x18=0x0000000000000000 x19=0x66d6c8da78ddc2e1
x20=0x0000000175aac248 x21=0x0000000102fb2bb7 x22=0x0000000171a05bc0 x23=0x0000000000000016
x24=0x0000000000000017 x25=0x00000003003141f0 x26=0x0000000137f540f0 x27=0x0000000000000000
x28=0x00000001348d7600  fp=0x0000000171a05bb0  lr=0x0000000175a77a78  sp=0x0000000171a05b70
pc=0x0000000175a77ac0 cpsr=0x0000000020001000

Register to memory mapping:

 x0=0x66d6c8da78ddc2e1 is an unknown value
 x1=0x0000000102fb2ba9 points into unknown readable memory: 3a 73 75 70 70 6c 79
 x2=0x000000000000000e is an unknown value
 x3=0x0000000000000008 is an unknown value
 x4=0x0000000000000027 is an unknown value
 x5=0x0000000177c740b4: <offset 0x2140b4> in /Users/kerol/Documents/GitHub/Frc-Eagles-2025/build/jni/release/libCTRE_PhoenixTools_Sim.dylib at 0x0000000177a60000
 x6=0x5d315b2936762820 is an unknown value
 x7=0x00000001348d7600 is a thread
 x8=0x0000000000000004 is an unknown value
 x9=0x0 is NULL
x10=0x5a1d959d85d15f5a is an unknown value
x11=0x9ddfea08eb382d69 is an unknown value
x12=0x0000000000000001 is an unknown value
