#
# A fatal error has been detected by the Java Runtime Environment:
#
#  SIGSEGV (0xb) at pc=0x0000000131f81710, pid=50566, tid=259
#
# JRE version: OpenJDK Runtime Environment Temurin-17.0.12+7 (17.0.12+7) (build 17.0.12+7)
# Java VM: OpenJDK 64-Bit Server VM Temurin-17.0.12+7 (17.0.12+7, mixed mode, tiered, compressed oops, compressed class ptrs, g1 gc, bsd-aarch64)
# Problematic frame:
# C  [libhalsim_gui.dylib+0x1d710]  std::__1::__function::__func<halsimgui::NetworkTablesSimGui::Initialize()::$_1, std::__1::allocator<halsimgui::NetworkTablesSimGui::Initialize()::$_1>, void ()>::operator()()+0x8
#
# No core dump will be written. Core dumps have been disabled. To enable core dumping, try "ulimit -c unlimited" before starting Java again
#
# If you would like to submit a bug report, please visit:
#   https://github.com/adoptium/adoptium-support/issues
# The crash happened outside the Java Virtual Machine in native code.
# See problematic frame for where to report the bug.
#

---------------  S U M M A R Y ------------

Command Line: -agentlib:jdwp=transport=dt_socket,server=n,suspend=y,address=localhost:63420 -Djava.library.path=/Users/kerol/Documents/GitHub/Frc-Eagles-2025/build/jni/release -XX:+ShowCodeDetailsInExceptionMessages frc.robot.Main

Host: "Mac14,9" arm64, 10 cores, 16G, Darwin 24.2.0, macOS 15.2 (24C5057p)
Time: Sat Jan 11 12:05:56 2025 GMT elapsed time: 1317.922741 seconds (0d 0h 21m 57s)

---------------  T H R E A D  ---------------

Current thread (0x0000000123814c00):  JavaThread "main" [_thread_in_native, id=259, stack(0x000000016e730000,0x000000016ef2c000)]

Stack: [0x000000016e730000,0x000000016ef2c000],  sp=0x000000016ef28610,  free space=8161k
Native frames: (J=compiled Java code, j=interpreted, Vv=VM code, C=native code)
C  [libhalsim_gui.dylib+0x1d710]  std::__1::__function::__func<halsimgui::NetworkTablesSimGui::Initialize()::$_1, std::__1::allocator<halsimgui::NetworkTablesSimGui::Initialize()::$_1>, void ()>::operator()()+0x8
C  [libhalsim_gui.dylib+0xb273c]  wpi::gui::PlatformRenderFrame()+0x254
C  [libhalsim_gui.dylib+0x9f2f4]  wpi::gui::Main()+0x180
C  [libhalsim_gui.dylib+0x1c768]  HALSIM_InitExtension::$_8::__invoke(void*)+0xc
j  edu.wpi.first.hal.HAL.runMain()V+0
j  edu.wpi.first.wpilibj.RobotBase.startRobot(Ljava/util/function/Supplier;)V+85
j  frc.robot.Main.main([Ljava/lang/String;)V+5
v  ~StubRoutines::call_stub
V  [libjvm.dylib+0x45e0f4]  JavaCalls::call_helper(JavaValue*, methodHandle const&, JavaCallArguments*, JavaThread*)+0x3d8
V  [libjvm.dylib+0x4c5b28]  jni_invoke_static(JNIEnv_*, JavaValue*, _jobject*, JNICallType, _jmethodID*, JNI_ArgumentPusher*, JavaThread*)+0x158
V  [libjvm.dylib+0x4c92ac]  jni_CallStaticVoidMethod+0x130
C  [libjli.dylib+0xad24]  JavaMain+0x63c
C  [libjli.dylib+0xdb10]  __JVMInit_block_invoke+0x48
C  [Foundation+0x3f5d0]  __NSBLOCKOPERATION_IS_CALLING_OUT_TO_A_BLOCK__+0x18
C  [Foundation+0x3f490]  -[NSBlockOperation main]+0x68
C  [Foundation+0x3f420]  __NSOPERATION_IS_INVOKING_MAIN__+0x10
C  [Foundation+0x3e780]  -[NSOperation start]+0x288
C  [Foundation+0x793a0]  __NSThreadPerformPerform+0x108
C  [CoreFoundation+0x7dd34]  __CFRUNLOOP_IS_CALLING_OUT_TO_A_SOURCE0_PERFORM_FUNCTION__+0x1c
C  [CoreFoundation+0x7dcc8]  __CFRunLoopDoSource0+0xb0
C  [CoreFoundation+0x7da2c]  __CFRunLoopDoSources0+0xf4
C  [CoreFoundation+0x7c5c8]  __CFRunLoopRun+0x348
C  [CoreFoundation+0x7bbc4]  CFRunLoopRunSpecific+0x24c
C  [libjli.dylib+0xd1bc]  CreateExecutionEnvironment+0x194
C  [libjli.dylib+0x9224]  JLI_Launch+0x4d0
C  [java+0x3ba0]  main+0x198
C  [dyld+0x6274]  start+0xb18

Java frames: (J=compiled Java code, j=interpreted, Vv=VM code)
j  edu.wpi.first.hal.HAL.runMain()V+0
j  edu.wpi.first.wpilibj.RobotBase.startRobot(Ljava/util/function/Supplier;)V+85
j  frc.robot.Main.main([Ljava/lang/String;)V+5
v  ~StubRoutines::call_stub

siginfo: si_signo: 11 (SIGSEGV), si_code: 2 (SEGV_ACCERR), si_addr: 0x0000000000000000

Registers:
 x0=0x0000000000000000  x1=0x0000000106c565f8  x2=0x0000000000000051  x3=0x0000000106c34eb8
 x4=0x000000016ef28190  x5=0x0000000132c549d8  x6=0x0000000132c549dc  x7=0x0000000000000000
 x8=0x0000000132c92000  x9=0x000000013405dbe0 x10=0x0000000000000080 x11=0x0000000000000002
x12=0x0000000000000000 x13=0x0000000000000000 x14=0x4434000044a00000 x15=0x0000000042be0000
x16=0x000000020100f280 x17=0x000000020100f280 x18=0x0000000000000000 x19=0x0000000132c9b000
x20=0x0000000000000003 x21=0x0000000000000078 x22=0x00000001348090e0 x23=0x000000030426e670
x24=0x0000000137c0db00 x25=0x0000000137c0db00 x26=0x0000000132c9b110 x27=0x0000000132c95000
x28=0x0000000123814c00  fp=0x000000016ef28630  lr=0x0000000132003408  sp=0x000000016ef28610
pc=0x0000000131f81710 cpsr=0x0000000080001000

Register to memory mapping:

 x0=0x0 is NULL
 x1=0x0000000106c565f8: _ZZN3hal4init27InitializeDriverStationDataEvE3dsd+0x190 in /Users/kerol/Documents/GitHub/Frc-Eagles-2025/build/jni/release/libwpiHal.dylib at 0x0000000106bec000
 x2=0x0000000000000051 is an unknown value
 x3=0x0000000106c34eb8: <offset 0x48eb8> in /Users/kerol/Documents/GitHub/Frc-Eagles-2025/build/jni/release/libwpiHal.dylib at 0x0000000106bec000
 x4=0x000000016ef28190 is pointing into the stack for thread: 0x0000000123814c00
 x5=0x0000000132c549d8: <offset 0xcf09d8> in /Users/kerol/Documents/GitHub/Frc-Eagles-2025/build/jni/release/libhalsim_gui.dylib at 0x0000000131f64000
 x6=0x0000000132c549dc: <offset 0xcf09dc> in /Users/kerol/Documents/GitHub/Frc-Eagles-2025/build/jni/release/libhalsim_gui.dylib at 0x0000000131f64000
 x7=0x0 is NULL
 x8=0x0000000132c92000: <offset 0xd2e000> in /Users/kerol/Documents/GitHub/Frc-Eagles-2025/build/jni/release/libhalsim_gui.dylib at 0x0000000131f64000
 x9=