#
# A fatal error has been detected by the Java Runtime Environment:
#
#  SIGSEGV (0xb) at pc=0x000000014e9a8858, pid=16736, tid=52739
#
# JRE version: OpenJDK Runtime Environment Temurin-17.0.12+7 (17.0.12+7) (build 17.0.12+7)
# Java VM: OpenJDK 64-Bit Server VM Temurin-17.0.12+7 (17.0.12+7, mixed mode, tiered, compressed oops, compressed class ptrs, g1 gc, bsd-aarch64)
# Problematic frame:
# C  [libCTRE_PhoenixTools_Sim.dylib+0x10858]
#
# No core dump will be written. Core dumps have been disabled. To enable core dumping, try "ulimit -c unlimited" before starting Java again
#
# If you would like to submit a bug report, please visit:
#   https://github.com/adoptium/adoptium-support/issues
# The crash happened outside the Java Virtual Machine in native code.
# See problematic frame for where to report the bug.
#

---------------  S U M M A R Y ------------

Command Line: -agentlib:jdwp=transport=dt_socket,server=n,suspend=y,address=localhost:60463 -Djava.library.path=/Users/kerol/Documents/GitHub/Frc-Eagles-2025/build/jni/release -XX:+ShowCodeDetailsInExceptionMessages frc.robot.Main

Host: "Mac14,9" arm64, 10 cores, 16G, Darwin 24.2.0, macOS 15.2 (24C5057p)
Time: Thu Jan  9 11:49:39 2025 +03 elapsed time: 130.957968 seconds (0d 0h 2m 10s)

---------------  T H R E A D  ---------------

Current thread (0x000000013911da00):  JavaThread "robot main" daemon [_thread_in_native, id=52739, stack(0x000000017843c000,0x000000017863f000)]

Stack: [0x000000017843c000,0x000000017863f000],  sp=0x000000017863df40,  free space=2055k
Native frames: (J=compiled Java code, j=interpreted, Vv=VM code, C=native code)
C  [libCTRE_PhoenixTools_Sim.dylib+0x10858]
C  [libCTRE_PhoenixTools_Sim.dylib+0x16458]
C  [libCTRE_PhoenixTools_Sim.dylib+0x1ecb6c]
j  com.ctre.phoenix6.controls.jni.ControlJNI.JNI_RequestControlDutyCycleOut(Ljava/lang/String;IDDZZZZZZ)I+0
J 2606 c2 com.ctre.phoenix6.controls.DutyCycleOut.sendRequest(Ljava/lang/String;I)Lcom/ctre/phoenix6/StatusCode; (41 bytes) @ 0x0000000118f3a3a8 [0x0000000118f3a340+0x0000000000000068]
J 2580 c2 frc.robot.subsystems.SwerveModule.setDesiredState(Ledu/wpi/first/math/kinematics/SwerveModuleState;)V (121 bytes) @ 0x0000000118f2b06c [0x0000000118f2a6c0+0x00000000000009ac]
J 2822 c2 edu.wpi.first.wpilibj2.command.FunctionalCommand.execute()V (10 bytes) @ 0x0000000118f84c94 [0x0000000118f840c0+0x0000000000000bd4]
J 2526 c2 edu.wpi.first.wpilibj2.command.CommandScheduler.run()V (603 bytes) @ 0x0000000118ef8178 [0x0000000118ef6dc0+0x00000000000013b8]
J 2837 c2 edu.wpi.first.wpilibj.IterativeRobotBase.loopFunc()V (552 bytes) @ 0x0000000118f88e18 [0x0000000118f88a80+0x0000000000000398]
J 2784 c2 edu.wpi.first.wpilibj.TimedRobot$$Lambda$10+0x0000000800095cd8.run()V (8 bytes) @ 0x0000000118f7c4f8 [0x0000000118f7c4c0+0x0000000000000038]
j  edu.wpi.first.wpilibj.TimedRobot.startCompetition()V+75
j  edu.wpi.first.wpilibj.RobotBase.runRobot(Ljava/util/function/Supplier;)V+259
j  edu.wpi.first.wpilibj.RobotBase.lambda$startRobot$1(Ljava/util/function/Supplier;)V+1
j  edu.wpi.first.wpilibj.RobotBase$$Lambda$2+0x0000000800089b58.run()V+4
j  java.lang.Thread.run()V+11 java.base@17.0.12
v  ~StubRoutines::call_stub
V  [libjvm.dylib+0x45e0f4]  JavaCalls::call_helper(JavaValue*, methodHandle const&, JavaCallArguments*, JavaThread*)+0x3d8
V  [libjvm.dylib+0x45d074]  JavaCalls::call_virtual(JavaValue*, Klass*, Symbol*, Symbol*, JavaCallArguments*, JavaThread*)+0x11c
V  [libjvm.dylib+0x45d140]  JavaCalls::call_virtual(JavaValue*, Handle, Klass*, Symbol*, Symbol*, JavaThread*)+0x64
V  [libjvm.dylib+0x515390]  thread_entry(JavaThread*, JavaThread*)+0xc4
V  [libjvm.dylib+0x997268]  JavaThread::thread_main_inner()+0x148
V  [libjvm.dylib+0x9958f0]  Thread::call_run()+0xcc
V  [libjvm.dylib+0x7aaaf4]  thread_native_entry(Thread*)+0x158
C  [libsystem_pthread.dylib+0x72e4]  _pthread_start+0x88

Java frames: (J=compiled Java code, j=interpreted, Vv=VM code)
j  com.ctre.phoenix6.controls.jni.ControlJNI.JNI_RequestControlDutyCycleOut(Ljava/lang/String;IDDZZZZZZ)I+0
J 2606 c2 com.ctre.phoenix6.controls.DutyCycleOut.sendRequest(Ljava/lang/String;I)Lcom/ctre/phoenix6/StatusCode; (41 bytes) @ 0x0000000118f3a3a8 [0x0000000118f3a340+0x0000000000000068]
J 2580 c2 frc.robot.subsystems.SwerveModule.setDesiredState(Ledu/wpi/first/math/kinematics/SwerveModuleState;)V (121 bytes) @ 0x0000000118f2b06c [0x0000000118f2a6c0+0x00000000000009ac]
J 2822 c2 edu.wpi.first.wpilibj2.command.FunctionalCommand.execute()V (10 bytes) @ 0x0000000118f84c94 [0x0000000118f840c0+0x0000000000000bd4]
J 2526 c2 edu.wpi.first.wpilibj2.command.CommandScheduler.run()V (603 bytes) @ 0x0000000118ef8178 [0x0000000118ef6dc0+0x00000000000013b8]
J 2837 c2 edu.wpi.first.wpilibj.IterativeRobotBase.loopFunc()V (552 bytes) @ 0x0000000118f88e18 [0x0000000118f88a80+0x0000000000000398]
J 2784 c2 edu.wpi.first.wpilibj.TimedRobot$$Lambda$10+0x0000000800095cd8.run()V (8 bytes) @ 0x0000000118f7c4f8 [0x0000000118f7c4c0+0x0000000000000038]
j  edu.wpi.first.wpilibj.TimedRobot.startCompetition()V+75
j  edu.wpi.first.wpilibj.RobotBase.runRobot(Ljava/util/function/Supplier;)V+259
j  edu.wpi.first.wpilibj.RobotBase.lambda$startRobot$1(Ljava/util/function/Supplier;)V+1
j  edu.wpi.first.wpilibj.RobotBase$$Lambda$2+0x0000000800089b58.run()V+4
j  java.lang.Thread.run()V+11 java.base@17.0.12
v  ~StubRoutines::call_stub

siginfo: si_signo: 11 (SIGSEGV), si_code: 2 (SEGV_ACCERR), si_addr: 0x0000000000000000

Registers:
 x0=0x0000000148eec2c0  x1=0x0000000148eecdc0  x2=0x0000000148eece10  x3=0x0000000000000001
 x4=0x0000000000000000  x5=0x0000000000000000  x6=0x0000000000000100  x7=0x0000000000000000
 x8=0x0000000000000000  x9=0x0000000148eec2c0 x10=0x0000000000000001 x11=0x0000000004122888
x12=0x0000000004122888 x13=0x0000000006122888 x14=0x00000000ffffffff x15=0x0000000006122888
x16=0xd796000102334080 x17=0x0000000148e22310 x18=0x0000000000000000 x19=0x000000014a1a2310
x20=0x000000017863dff0 x21=0x000000017863df60 x22=0x0000000148eecdc0 x23=0x0000000148e46030
x24=0x000000014ec4f2b8 x25=0x0000000148eec2c8 x26=0x0000000148e46048 x27=0x7fffffffffffffef
x28=0x0000000000000000  fp=0x000000017863dfc0  lr=0x000000014e9ae1c4  sp=0x000000017863df40
pc=0x000000014e9a8858 cpsr=0x0000000020001000

Register to memory mapping:

 x0=0x0000000148eec2c0 points into unknown readable memory: 0x0000000000000000 | 00 00 00 00 00 00 00 00
 x1=0x0000000148eecdc0 points into unknown readable memory: 0x0000000000000000 | 00 00 00 00 00 00 00 00
 x2=0x0000000148eece10 points into unknown readable memory: 0x00000001093efd10 | 10 fd 3e 09 01 00 00 00
 x3=0x0000000000000001 is an unknown value
 x4=0x0 is NULL
 x5=0x0 is NULL
 x6=0x0000000000000100 is an unknown value
 x7=0x0 is NULL
 x8=0x0 is NULL
 x9=0x0000000148eec2c0 points into unknown readable memory: 0x0000000000000000 | 00 00 00 00 00 00 00 00
x10=0x0000000000000001 is an unknown value
x11=0x0000000004122888 is an unknown value
x12=0x0000000004122888 is an unknown value
x13=0x0000000006122888 is an unknown value
x14=0x00000000ffffffff is an unknown value
x15=0x0000000006122888 is an unknown value
x16=0xd796000102334080 is an unknown value
x17=0x0000000148e22310 points into unknown readable memory: 0x0000000000000000 | 00 00 00 00 00 00 00 00
x18=0x0 is NULL
x19=0x000000014a1a2310 points into unknown readable memory: 0x000000004d55545a | 5a 54 55 4d 00 00 00 00
x20=0x000000017863dff0 is pointing into the stack for thread: 0x000000013911da00
x21=0x000000017863df60 is pointing into the stack for thread: 0x000000013911da00
x22=0x0000000148eecdc0 points into unknown readable memory: 0x0000000000000000 | 00 00 00 00 00 00 00 00
x23=0x0000000148e46030 points into unknown readable memory: 0x000000014ec48aa8 | a8 8a c4 4e 01 00 00 00
x24=0x000000014ec4f2b8: <offset 0x2b72b8> in /Users/kerol/Documents/GitHub/Frc-Eagles-2025/build/jni/release/libCTRE_PhoenixTools_Sim.dylib at 0x000000014e998000
x25=0x0000000148eec2c8 points into unknown readable memory: 0x0000000000000000 | 00 00 00 00 00 00 00 00
x26=0x0000000148e46048 points into unknown readable memory: 0x0000000000000000 | 00 00 00 00 00 00 00 00
x27=0x7fffffffffffffef is an unknown value
x28=0x0 is NULL


Top of Stack: (sp=0x000000017863df40)
0x000000017863df40:   0000000148e154ef 0000000000000000
0x000000017863df50:   0000000000000000 0000000100000082
0x000000017863df60:   0000000000000000 0000000000000000
0x000000017863df70:   0000000000000000 0000000148eec2c0
0x000000017863df80:   0000000000000001 0000000000000000
0x000000017863df90:   0000000000000000 000000017863dfd8
0x000000017863dfa0:   0000000000000082 0000000000000000
0x000000017863dfb0:   0000000148e3ad60 0000000000000000
0x000000017863dfc0:   000000017863e0e0 000000014e9ae458
0x000000017863dfd0:   0000000109459700 0000000000000000
0x000000017863dfe0:   0000000000000008 000000017863e030
0x000000017863dff0:   000000017863e020 0000000108fae8b4
0x000000017863e000:   000000007863e288 0000000200000002
0x000000017863e010:   0000000002043542 0000000000000000
0x000000017863e020:   0000000000000000 0000000000000100
0x000000017863e030:   0000000000000000 0000000000000000
0x000000017863e040:   0000000000000000 0000000000000000
0x000000017863e050:   0000000000000000 0000000000000000
0x000000017863e060:   0000000000000000 0000000800000000
0x000000017863e070:   000000017863e0e0 259822f0601200f2
0x000000017863e080:   4059000000000000 8000000000000000
0x000000017863e090:   0000000000000000 0000000000000000
0x000000017863e0a0:   0000000148e3ad60 000000013911dcb0
0x000000017863e0b0:   000000017863e288 0000000000000082
0x000000017863e0c0:   0000000000000001 0000000000000000
0x000000017863e0d0:   0000000000000000 0000000000000000
0x000000017863e0e0:   000000017863e150 000000014eb84b6c
0x000000017863e0f0:   0000000000000000 bff0000000000000
0x000000017863e100:   000000013911da00 0000000706689898
0x000000017863e110:   000000012c27c910 0000000706688aa8
0x000000017863e120:   000000017863e288 00000007066b3950
0x000000017863e130:   0000000000000000 00000000e0cd12af 

Instructions: (pc=0x000000014e9a8858)
0x000000014e9a8758:   1f e0 00 39 1f 20 00 f9 1f 7c 00 a9 16 08 00 f9
0x000000014e9a8768:   e0 02 00 f9 68 02 40 f9 08 01 40 f9 e1 03 00 aa
0x000000014e9a8778:   68 00 00 b4 68 02 00 f9 e1 02 40 f9 60 06 40 f9
0x000000014e9a8788:   23 00 00 94 68 0a 40 f9 08 05 00 91 68 0a 00 f9
0x000000014e9a8798:   21 00 80 52 02 00 00 14 01 00 80 d2 e0 03 14 aa
0x000000014e9a87a8:   fd 7b 44 a9 f4 4f 43 a9 f6 57 42 a9 f8 5f 41 a9
0x000000014e9a87b8:   fa 67 c5 a8 c0 03 5f d6 f4 4f be a9 fd 7b 01 a9
0x000000014e9a87c8:   fd 43 00 91 f3 03 00 aa 14 00 40 f9 1f 00 00 f9
0x000000014e9a87d8:   74 01 00 b4 68 42 40 39 e8 00 00 34 80 e2 00 91
0x000000014e9a87e8:   c1 f1 ff 97 88 de c0 39 68 00 f8 36 80 12 40 f9
0x000000014e9a87f8:   14 55 08 94 e0 03 14 aa 12 55 08 94 e0 03 13 aa
0x000000014e9a8808:   fd 7b 41 a9 f4 4f c2 a8 c0 03 5f d6 3f 00 00 eb
0x000000014e9a8818:   e8 17 9f 1a 28 60 00 39 80 07 00 54 2a 00 80 52
0x000000014e9a8828:   08 00 00 14 2a 61 00 39 e1 03 08 aa 1f 01 00 eb
0x000000014e9a8838:   e9 17 9f 1a 09 61 00 39 6a 01 00 39 60 06 00 54
0x000000014e9a8848:   29 08 40 f9 28 61 40 39 08 06 00 35 28 09 40 f9
0x000000014e9a8858:   0b 01 40 f9 7f 01 09 eb a0 00 00 54 8b 05 00 b4
0x000000014e9a8868:   6c 8d 41 38 0c fe ff 34 29 00 00 14 0b 05 40 f9
0x000000014e9a8878:   6b 00 00 b4 6c 8d 41 38 6c fd ff 34 2a 01 40 f9
0x000000014e9a8888:   5f 01 01 eb e0 08 00 54 2a 05 40 f9 4b 01 40 f9
0x000000014e9a8898:   2b 05 00 f9 6b 00 00 b4 69 09 00 f9 28 09 40 f9
0x000000014e9a88a8:   48 09 00 f9 28 09 40 f9 0b 01 40 f9 7f 01 09 eb
0x000000014e9a88b8:   eb 07 9f 1a 0a 59 2b f8 49 01 00 f9 2a 09 00 f9
0x000000014e9a88c8:   48 09 40 f9 09 01 40 f9 2b 00 80 52 4b 61 00 39
0x000000014e9a88d8:   1f 61 00 39 2a 05 40 f9 0a 01 00 f9 4a 00 00 b4
0x000000014e9a88e8:   48 09 00 f9 0a 09 40 f9 2a 09 00 f9 0a 09 40 f9
0x000000014e9a88f8:   4b 01 40 f9 7f 01 08 eb eb 07 9f 1a 49 59 2b f8
0x000000014e9a8908:   28 05 00 f9 09 09 00 f9 c0 03 5f d6 2a 01 40 f9
0x000000014e9a8918:   5f 01 01 eb 60 00 00 54 e1 03 09 aa 0f 00 00 14
0x000000014e9a8928:   2a 04 40 f9 2a 01 00 f9 6a 00 00 b4 49 09 00 f9
0x000000014e9a8938:   28 09 40 f9 28 08 00 f9 28 09 40 f9 0a 01 40 f9
0x000000014e9a8948:   5f 01 09 eb ea 07 9f 1a 01 59 2a f8 29 04 00 f9 


Stack slot to memory mapping:
stack at sp + 0 slots: 0x0000000148e154ef points into unknown readable memory: 00
stack at sp + 1 slots: 0x0 is NULL
stack at sp + 2 slots: 0x0 is NULL
stack at sp + 3 slots: 0x0000000100000082 is an unknown value
stack at sp + 4 slots: 0x0 is NULL
stack at sp + 5 slots: 0x0 is NULL
stack at sp + 6 slots: 0x0 is NULL
stack at sp + 7 slots: 0x0000000148eec2c0 points into unknown readable memory: 0x0000000000000000 | 00 00 00 00 00 00 00 00

