#
# A fatal error has been detected by the Java Runtime Environment:
#
#  SIGSEGV (0xb) at pc=0x000000013701d710, pid=8331, tid=259
#
# JRE version: OpenJDK Runtime Environment Temurin-17.0.12+7 (17.0.12+7) (build 17.0.12+7)
# Java VM: OpenJDK 64-Bit Server VM Temurin-17.0.12+7 (17.0.12+7, mixed mode, tiered, compressed oops, compressed class ptrs, g1 gc, bsd-aarch64)
# Problematic frame:
# C  [libhalsim_gui.dylib+0x1d710]  std::__1::__function::__func<halsimgui::NetworkTablesSimGui::Initialize()::$_1, std::__1::allocator<halsimgui::NetworkTablesSimGui::Initialize()::$_1>, void ()>::operator()()+0x8
#
# No core dump will be written. Core dumps have been disabled. To enable core dumping, try "ulimit -c unlimited" before starting Java again
#
# If you would like to submit a bug report, please visit:
#   https://github.com/adoptium/adoptium-support/issues
# The crash happened outside the Java Virtual Machine in native code.
# See problematic frame for where to report the bug.
#

---------------  S U M M A R Y ------------

Command Line: -agentlib:jdwp=transport=dt_socket,server=n,suspend=y,address=localhost:56616 -Djava.library.path=/Users/keremerol/Documents/GitHub/Frc-Eagles-2025/build/jni/release -XX:+ShowCodeDetailsInExceptionMessages frc.robot.Main

Host: "Mac14,9" arm64, 10 cores, 16G, Darwin 24.2.0, macOS 15.2 (24C5057p)
Time: Tue Feb 18 16:37:44 2025 GMT elapsed time: 30.048357 seconds (0d 0h 0m 30s)

---------------  T H R E A D  ---------------

Current thread (0x0000000135809e00):  JavaThread "main" [_thread_in_native, id=259, stack(0x000000016ea38000,0x000000016f234000)]

Stack: [0x000000016ea38000,0x000000016f234000],  sp=0x000000016f2309e0,  free space=8162k
Native frames: (J=compiled Java code, j=interpreted, Vv=VM code, C=native code)
C  [libhalsim_gui.dylib+0x1d710]  std::__1::__function::__func<halsimgui::NetworkTablesSimGui::Initialize()::$_1, std::__1::allocator<halsimgui::NetworkTablesSimGui::Initialize()::$_1>, void ()>::operator()()+0x8
C  [libhalsim_gui.dylib+0xb273c]  wpi::gui::PlatformRenderFrame()+0x254
C  [libhalsim_gui.dylib+0x9f2f4]  wpi::gui::Main()+0x180
C  [libhalsim_gui.dylib+0x1c768]  HALSIM_InitExtension::$_8::__invoke(void*)+0xc
j  edu.wpi.first.hal.HAL.runMain()V+0
j  edu.wpi.first.wpilibj.RobotBase.startRobot(Ljava/util/function/Supplier;)V+85
j  frc.robot.Main.main([Ljava/lang/String;)V+5
v  ~StubRoutines::call_stub
V  [libjvm.dylib+0x45e0f4]  JavaCalls::call_helper(JavaValue*, methodHandle const&, JavaCallArguments*, JavaThread*)+0x3d8
V  [libjvm.dylib+0x4c5b28]  jni_invoke_static(JNIEnv_*, JavaValue*, _jobject*, JNICallType, _jmethodID*, JNI_ArgumentPusher*, JavaThread*)+0x158
V  [libjvm.dylib+0x4c92ac]  jni_CallStaticVoidMethod+0x130
C  [libjli.dylib+0xad24]  JavaMain+0x63c
C  [libjli.dylib+0xdb10]  __JVMInit_block_invoke+0x48
C  [Foundation+0x3f5d0]  __NSBLOCKOPERATION_IS_CALLING_OUT_TO_A_BLOCK__+0x18
C  [Foundation+0x3f490]  -[NSBlockOperation main]+0x68
C  [Foundation+0x3f420]  __NSOPERATION_IS_INVOKING_MAIN__+0x10
C  [Foundation+0x3e780]  -[NSOperation start]+0x288
C  [Foundation+0x793a0]  __NSThreadPerformPerform+0x108
C  [CoreFoundation+0x7dd34]  __CFRUNLOOP_IS_CALLING_OUT_TO_A_SOURCE0_PERFORM_FUNCTION__+0x1c
C  [CoreFoundation+0x7dcc8]  __CFRunLoopDoSource0+0xb0
C  [CoreFoundation+0x7da2c]  __CFRunLoopDoSources0+0xf4
C  [CoreFoundation+0x7c5c8]  __CFRunLoopRun+0x348
C  [CoreFoundation+0x7bbc4]  CFRunLoopRunSpecific+0x24c
C  [libjli.dylib+0xd1bc]  CreateExecutionEnvironment+0x194
C  [libjli.dylib+0x9224]  JLI_Launch+0x4d0
C  [java+0x3ba0]  main+0x198
C  [dyld+0x6274]  start+0xb18

Java frames: (J=compiled Java code, j=interpreted, Vv=VM code)
j  edu.wpi.first.hal.HAL.runMain()V+0
j  edu.wpi.first.wpilibj.RobotBase.startRobot(Ljava/util/function/Supplier;)V+85
j  frc.robot.Main.main([Ljava/lang/String;)V+5
v  ~StubRoutines::call_stub

siginfo: si_signo: 11 (SIGSEGV), si_code: 2 (SEGV_ACCERR), si_addr: 0x0000000000000000

Registers:
 x0=0x0000000000000000  x1=0x0000000123612580  x2=0x0000000000000051  x3=0x00000001235f0eb8
 x4=0x0000000001b8b9b8  x5=0x0000000000000020  x6=0x0000000137cf09dc  x7=0x0000000000000000
 x8=0x0000000137d2e000  x9=0x0000000134e5b2e0